<?xml version="1.0" encoding="utf-8"?><testsuites name="pytest tests"><testsuite name="pytest" errors="0" failures="0" skipped="0" tests="7" time="1.764" timestamp="2026-06-08T19:19:04.796876+00:00" hostname="agent-env-0fa7d6f8-dcfa-48f7-a4f2-4ca7d2b8c203"><testcase classname="backend.tests.test_iter8_features.TestTripsTotalSaveCount" name="test_trips_has_total_save_count_field" time="0.617" /><testcase classname="backend.tests.test_iter8_features.TestTripsTotalSaveCount" name="test_priya_alibag_has_saves" time="0.063" /><testcase classname="backend.tests.test_iter8_features.TestUserProfileTotalSaveCount" name="test_self_profile_cities_have_field" time="0.127" /><testcase classname="backend.tests.test_iter8_features.TestUserProfileTotalSaveCount" name="test_friend_profile_cities_have_field" time="0.552" /><testcase classname="backend.tests.test_iter8_features.TestUserProfileTotalSaveCount" name="test_arjun_alibag_visible_to_priya_has_saves" time="0.063" /><testcase classname="backend.tests.test_iter8_features.TestIter7Regression" name="test_rec_resolver_still_works" time="0.126" /><testcase classname="backend.tests.test_iter8_features.TestIter7Regression" name="test_save_already_saved_short_circuit" time="0.189" /></testsuite></testsuites>