<?xml version="1.0" encoding="utf-8"?><testsuites name="pytest tests"><testsuite name="pytest" errors="0" failures="0" skipped="0" tests="7" time="4.741" timestamp="2026-06-08T18:36:12.687719+00:00" hostname="agent-env-0fa7d6f8-dcfa-48f7-a4f2-4ca7d2b8c203"><testcase classname="backend.tests.test_iter7_features.TestUserRecommendations" name="test_self_view_no_is_saved_by_me" time="0.537" /><testcase classname="backend.tests.test_iter7_features.TestUserRecommendations" name="test_friend_view_has_is_saved_by_me" time="0.516" /><testcase classname="backend.tests.test_iter7_features.TestUserRecommendations" name="test_empty_user_returns_empty_array" time="0.454" /><testcase classname="backend.tests.test_iter7_features.TestRecResolver" name="test_valid_rec_id" time="0.103" /><testcase classname="backend.tests.test_iter7_features.TestRecResolver" name="test_invalid_rec_id_returns_404" time="0.050" /><testcase classname="backend.tests.test_iter7_features.TestSaveDedup" name="test_double_save_returns_already_saved_no_dup_notification" time="0.818" /><testcase classname="backend.tests.test_iter7_features.TestSaveDedup" name="test_dedup_window_blocks_repeat_save_after_unsave" time="2.235" /></testsuite></testsuites>