<?xml version="1.0" encoding="utf-8"?><testsuites name="pytest tests"><testsuite name="pytest" errors="0" failures="0" skipped="1" tests="11" time="15.264" timestamp="2026-06-08T07:36:22.216367+00:00" hostname="agent-env-0fa7d6f8-dcfa-48f7-a4f2-4ca7d2b8c203"><testcase classname="backend.tests.test_onesignal_impact_loop.TestOneSignalTokenEndpoint" name="test_post_subscription_returns_ok" time="0.435" /><testcase classname="backend.tests.test_onesignal_impact_loop.TestOneSignalTokenEndpoint" name="test_idempotent_update_same_sub_id" time="0.146" /><testcase classname="backend.tests.test_onesignal_impact_loop.TestOneSignalTokenEndpoint" name="test_multi_device_adds_second_entry" time="0.046" /><testcase classname="backend.tests.test_onesignal_impact_loop.TestOneSignalTokenEndpoint" name="test_missing_subscription_id_returns_400" time="0.044" /><testcase classname="backend.tests.test_onesignal_impact_loop.TestOneSignalTokenEndpoint" name="test_unauthenticated_returns_401_or_403" time="0.100" /><testcase classname="backend.tests.test_onesignal_impact_loop.TestImpactLoopNotifications" name="test_save_creates_your_rec_saved_notification" time="2.039" /><testcase classname="backend.tests.test_onesignal_impact_loop.TestImpactLoopNotifications" name="test_visit_creates_your_rec_visited_notification" time="1.698" /><testcase classname="backend.tests.test_onesignal_impact_loop.TestImpactLoopNotifications" name="test_inspired_creates_your_rec_inspired_notification" time="1.612"><skipped type="pytest.skip" message="your_rec_inspired absent — likely deduped via rec.inspired_by_users from prior run">/app/backend/tests/test_onesignal_impact_loop.py:208: your_rec_inspired absent — likely deduped via rec.inspired_by_users from prior run</skipped></testcase><testcase classname="backend.tests.test_onesignal_impact_loop.TestImpactLoopNotifications" name="test_new_follower_creates_notification" time="4.828" /><testcase classname="backend.tests.test_onesignal_impact_loop.TestSelfActionSuppression" name="test_self_save_no_self_notification" time="1.740" /><testcase classname="backend.tests.test_onesignal_impact_loop.TestPrefToggleStillWritesInApp" name="test_new_follower_disabled_still_writes_in_app" time="2.556" /></testsuite></testsuites>