<?xml version="1.0" encoding="utf-8"?><testsuites name="pytest tests"><testsuite name="pytest" errors="0" failures="0" skipped="0" tests="2" time="0.590" timestamp="2026-06-07T11:41:35.355377+00:00" hostname="agent-env-0fa7d6f8-dcfa-48f7-a4f2-4ca7d2b8c203"><testcase classname="backend.tests.test_feed_is_saved" name="test_feed_emits_is_saved_for_every_rec_or_top_pick" time="0.518" /><testcase classname="backend.tests.test_feed_is_saved" name="test_priya_has_sundowner_saved_in_feed" time="0.050" /></testsuite></testsuites>