<?xml version="1.0" encoding="utf-8"?><testsuites name="pytest tests"><testsuite name="pytest" errors="0" failures="0" skipped="1" tests="3" time="2.727" timestamp="2026-06-07T10:11:51.500804+00:00" hostname="agent-env-0fa7d6f8-dcfa-48f7-a4f2-4ca7d2b8c203"><testcase classname="backend.tests.test_trip_check_lifecycle.TestCheckLifecycle" name="test_check_returns_expected_shape_and_auto_removes_on_last" time="0.973" /><testcase classname="backend.tests.test_trip_check_lifecycle.TestCheckLifecycle" name="test_check_not_all_ticked_auto_removed_false" time="0.760"><skipped type="pytest.skip" message="Need 2+ recs in Tokyo to run this test">/app/backend/tests/test_trip_check_lifecycle.py:78: Need 2+ recs in Tokyo to run this test</skipped></testcase><testcase classname="backend.tests.test_trip_check_lifecycle.TestCheckLifecycle" name="test_uncheck_does_not_auto_remove" time="0.978" /></testsuite></testsuites>